<?xml version="1.0" encoding="UTF-8"?>
<testsuite name="ContactsTest" tests="1" skipped="0" failures="0" errors="0" timestamp="2025-04-17T17:46:16" hostname="C14545" time="0.209">
  <properties/>
  <testcase name="start" classname="ContactsTest" time="0.209"/>
  <system-out><![CDATA[?[1;31m
Start test 1?[0m
Enter action (add, remove, edit, count, info, exit): > exit


?[1;31m
Start test 2?[0m
Enter action (add, remove, edit, count, info, exit): > count
The Phone Book has 0 records.

Enter action (add, remove, edit, count, info, exit): > exit


?[1;31m
Start test 3?[0m
Enter action (add, remove, edit, count, info, exit): > count
The Phone Book has 0 records.

Enter action (add, remove, edit, count, info, exit): > edit
No records to edit!
Enter action (add, remove, edit, count, info, exit): > exit


?[1;31m
Start test 4?[0m
Enter action (add, remove, edit, count, info, exit): > count
The Phone Book has 0 records.

Enter action (add, remove, edit, count, info, exit): > remove
No records to remove!
Enter action (add, remove, edit, count, info, exit): > exit


?[1;31m
Start test 5?[0m
Enter action (add, remove, edit, count, info, exit): > add
Enter the type (person, organization): > person
Enter the name: > John
Enter the surname: > Smith
Enter the birth date: > 
Enter the gender (M, F): > 
Bad gender!
Enter the number: > 123 456 789
The record added.

Enter action (add, remove, edit, count, info, exit): > count
The Phone Book has 1 records.

Enter action (add, remove, edit, count, info, exit): > exit


?[1;31m
Start test 6?[0m
Enter action (add, remove, edit, count, info, exit): > add
Enter the type (person, organization): > person
Enter the name: > John
Enter the surname: > Smith
Enter the birth date: > 
Enter the gender (M, F): > 
Bad gender!
Enter the number: > 123 456 789
The record added.

Enter action (add, remove, edit, count, info, exit): > info
1. John Smith
Enter index to show info: 
> 1
Name: John
Surname: Smith
Birth date: [no data]
Gender: [no data]
Number: 123 456 789
Time created: 2025-04-17T11:46:16.864267
Time last edit: 2025-04-17T11:46:16.864267

Enter action (add, remove, edit, count, info, exit): > exit


?[1;31m
Start test 7?[0m
Enter action (add, remove, edit, count, info, exit): > add
Enter the type (person, organization): > organization
Enter the organization name: 
> Pizza Shop
Enter the address: 
> Wall St. 1
Enter the number: > +0 (123) 456-789-9999
The record added.

Enter action (add, remove, edit, count, info, exit): > info
1. Pizza Shop
Enter index to show info: 
> 1
Organization name: Pizza Shop
Address: Wall St. 1
Number: +0 (123) 456-789-9999
Time created: 2025-04-17T11:46:16.882504
Time last edit: 2025-04-17T11:46:16.882504

Enter action (add, remove, edit, count, info, exit): > exit


?[1;31m
Start test 8?[0m
Enter action (add, remove, edit, count, info, exit): > add
Enter the type (person, organization): > person
Enter the name: > John
Enter the surname: > Smith
Enter the birth date: > 
Enter the gender (M, F): > 
Bad gender!
Enter the number: > 123 456 789
The record added.

Enter action (add, remove, edit, count, info, exit): > edit
1. John Smith
Select a record: > 1
Select a field (name, surname, birth, gender, number): > gender
Enter the gender (M, F): > M
The record updated!

Enter action (add, remove, edit, count, info, exit): > info
1. John Smith
Enter index to show info: 
> 1
Name: John
Surname: Smith
Birth date: [no data]
Gender: M
Number: 123 456 789
Time created: 2025-04-17T11:46:16.895272
Time last edit: 2025-04-17T11:46:16.897083

Enter action (add, remove, edit, count, info, exit): > exit


?[1;31m
Start test 9?[0m
Enter action (add, remove, edit, count, info, exit): > add
Enter the type (person, organization): > person
Enter the name: > John2
Enter the surname: > Smith2
Enter the birth date: > 
Enter the gender (M, F): > 
Bad gender!
Enter the number: > 123 456 789
The record added.

Enter action (add, remove, edit, count, info, exit): > edit
1. John2 Smith2
Select a record: > 1
Select a field (name, surname, birth, gender, number): > name
Enter the name: > John3
The record updated!

Enter action (add, remove, edit, count, info, exit): > info
1. John3 Smith2
Enter index to show info: 
> 1
Name: John3
Surname: Smith2
Birth date: [no data]
Gender: [no data]
Number: 123 456 789
Time created: 2025-04-17T11:46:16.905595
Time last edit: 2025-04-17T11:46:16.907290

Enter action (add, remove, edit, count, info, exit): > exit


?[1;31m
Start test 10?[0m
Enter action (add, remove, edit, count, info, exit): > add
Enter the type (person, organization): > person
Enter the name: > John2
Enter the surname: > Smith2
Enter the birth date: > 
Enter the gender (M, F): > 
Bad gender!
Enter the number: > 123 456 789
The record added.

Enter action (add, remove, edit, count, info, exit): > edit
1. John2 Smith2
Select a record: > 1
Select a field (name, surname, birth, gender, number): > number
Enter the number: > 321 654 978
The record updated!

Enter action (add, remove, edit, count, info, exit): > info
1. John2 Smith2
Enter index to show info: 
> 1
Name: John2
Surname: Smith2
Birth date: [no data]
Gender: [no data]
Number: 321 654 978
Time created: 2025-04-17T11:46:16.917794
Time last edit: 2025-04-17T11:46:16.919289

Enter action (add, remove, edit, count, info, exit): > exit


?[1;31m
Start test 11?[0m
Enter action (add, remove, edit, count, info, exit): > add
Enter the type (person, organization): > organization
Enter the organization name: 
> Pizza Shop
Enter the address: 
> Wall St. 1
Enter the number: > +0 (123) 456-789-9999
The record added.

Enter action (add, remove, edit, count, info, exit): > edit
1. Pizza Shop
Select a record: > 1
Select a field (name, surname, birth, gender, number): > address
Enter the address: 
> Wall St 2
The record updated!

Enter action (add, remove, edit, count, info, exit): > info
1. Pizza Shop
Enter index to show info: 
> 1
Organization name: Pizza Shop
Address: Wall St 2
Number: +0 (123) 456-789-9999
Time created: 2025-04-17T11:46:16.928738
Time last edit: 2025-04-17T11:46:16.930861

Enter action (add, remove, edit, count, info, exit): > exit


?[1;31m
Start test 12?[0m
Enter action (add, remove, edit, count, info, exit): > add
Enter the type (person, organization): > organization
Enter the organization name: 
> Pizza Shop
Enter the address: 
> Wall St. 1
Enter the number: > +0 (123) 456-789-9999
The record added.

Enter action (add, remove, edit, count, info, exit): > edit
1. Pizza Shop
Select a record: > 1
Select a field (name, surname, birth, gender, number): > number
Enter the number: > +0 (123) 456-789-12345
The record updated!

Enter action (add, remove, edit, count, info, exit): > info
1. Pizza Shop
Enter index to show info: 
> 1
Organization name: Pizza Shop
Address: Wall St. 1
Number: +0 (123) 456-789-12345
Time created: 2025-04-17T11:46:16.940401
Time last edit: 2025-04-17T11:46:16.942343

Enter action (add, remove, edit, count, info, exit): > exit


]]></system-out>
  <system-err><![CDATA[]]></system-err>
</testsuite>
