<?xml version="1.0" encoding="UTF-8"?>
<testsuite name="SimpleSearchEngineTest" tests="1" skipped="0" failures="0" errors="0" timestamp="2025-04-10T20:50:41" hostname="nocs-MacBook-Pro.local" time="0.08">
  <properties/>
  <testcase name="start" classname="SimpleSearchEngineTest" time="0.08"/>
  <system-out><![CDATA[?[1;31m
Start test 1?[0m
Enter the number of people:
> 1
Enter all the people:
> John
Enter the number of search queries
> 1
Enter the data to search people
> this text will definitely be no match
?[1;31m
Start test 2?[0m
Enter the number of people:
> 3
Enter all the people:
> john smith smith@gmail.com
> John lock john_lock@somecompany.com
> help me iamaprogrammer@gmail.com
Enter the number of search queries
> 4
Enter the data to search people
> john
john smith smith@gmail.com
John lock john_lock@somecompany.com
> Somecompany
John lock john_lock@somecompany.com
> @
john smith smith@gmail.com
John lock john_lock@somecompany.com
help me iamaprogrammer@gmail.com
> this text will definitely be no match
]]></system-out>
  <system-err><![CDATA[]]></system-err>
</testsuite>
