<?xml version="1.0" encoding="UTF-8"?>
<testsuite name="TicTacToeTest" tests="1" skipped="0" failures="0" errors="0" timestamp="2025-04-04T17:30:21" hostname="nocs-MacBook-Pro.local" time="0.225">
  <properties/>
  <testcase name="start" classname="TicTacToeTest" time="0.225"/>
  <system-out><![CDATA[?[1;31m
Start test 1?[0m
Welcome to Tic-Tac-Toe!
Enter the cells: > _XXOO_OX_
---------
|   X X |
| O O   |
| O X   |
---------
Enter the coordinates > 1 1
---------
| X X X |
| O O   |
| O X   |
---------
X wins
Game not finished
?[1;31m
Start test 2?[0m
Welcome to Tic-Tac-Toe!
Enter the cells: > _XXOO_OX_
---------
|   X X |
| O O   |
| O X   |
---------
Enter the coordinates > 1 3
This cell is occupied! Choose another one!
Enter the coordinates > 1 1
---------
| X X X |
| O O   |
| O X   |
---------
X wins
Game not finished
?[1;31m
Start test 3?[0m
Welcome to Tic-Tac-Toe!
Enter the cells: > _XXOO_OX_
---------
|   X X |
| O O   |
| O X   |
---------
Enter the coordinates > 1 4
Coordinates should be from 1 to 3!
Enter the coordinates > 1 1
---------
| X X X |
| O O   |
| O X   |
---------
X wins
Game not finished
?[1;31m
Start test 4?[0m
Welcome to Tic-Tac-Toe!
Enter the cells: > _XXOO_OX_
---------
|   X X |
| O O   |
| O X   |
---------
Enter the coordinates > one
You should enter numbers!
Enter the coordinates > 1 1
---------
| X X X |
| O O   |
| O X   |
---------
X wins
Game not finished
?[1;31m
Start test 5?[0m
Welcome to Tic-Tac-Toe!
Enter the cells: > _XXOO_OX_
---------
|   X X |
| O O   |
| O X   |
---------
Enter the coordinates > one three
You should enter numbers!
Enter the coordinates You should enter numbers!
Enter the coordinates > 1 1
---------
| X X X |
| O O   |
| O X   |
---------
X wins
Game not finished
?[1;31m
Start test 6?[0m
Welcome to Tic-Tac-Toe!
Enter the cells: > _XXOO_OX_
---------
|   X X |
| O O   |
| O X   |
---------
Enter the coordinates > 2 3
---------
|   X X |
| O O X |
| O X   |
---------
Game not finished
?[1;31m
Start test 7?[0m
Welcome to Tic-Tac-Toe!
Enter the cells: > _XXOO_OX_
---------
|   X X |
| O O   |
| O X   |
---------
Enter the coordinates > 3 3
---------
|   X X |
| O O   |
| O X X |
---------
Game not finished
?[1;31m
Start test 8?[0m
Welcome to Tic-Tac-Toe!
Enter the cells: > XX_XOXOO_
---------
| X X   |
| X O X |
| O O   |
---------
Enter the coordinates > 1 3
---------
| X X O |
| X O X |
| O O   |
---------
O wins
Game not finished
?[1;31m
Start test 9?[0m
Welcome to Tic-Tac-Toe!
Enter the cells: > XX_XOXOO_
---------
| X X   |
| X O X |
| O O   |
---------
Enter the coordinates > 3 3
---------
| X X   |
| X O X |
| O O O |
---------
O wins
Game not finished
?[1;31m
Start test 10?[0m
Welcome to Tic-Tac-Toe!
Enter the cells: > _XO_OX___
---------
|   X O |
|   O X |
|       |
---------
Enter the coordinates > 1 1
---------
| X X O |
|   O X |
|       |
---------
Game not finished
?[1;31m
Start test 11?[0m
Welcome to Tic-Tac-Toe!
Enter the cells: > _XO_OX___
---------
|   X O |
|   O X |
|       |
---------
Enter the coordinates > 2 1
---------
|   X O |
| X O X |
|       |
---------
Game not finished
?[1;31m
Start test 12?[0m
Welcome to Tic-Tac-Toe!
Enter the cells: > _XO_OX___
---------
|   X O |
|   O X |
|       |
---------
Enter the coordinates > 3 1
---------
|   X O |
|   O X |
| X     |
---------
Game not finished
?[1;31m
Start test 13?[0m
Welcome to Tic-Tac-Toe!
Enter the cells: > _XO_OX___
---------
|   X O |
|   O X |
|       |
---------
Enter the coordinates > 3 2
---------
|   X O |
|   O X |
|   X   |
---------
Game not finished
?[1;31m
Start test 14?[0m
Welcome to Tic-Tac-Toe!
Enter the cells: > _XO_OX___
---------
|   X O |
|   O X |
|       |
---------
Enter the coordinates > 3 3
---------
|   X O |
|   O X |
|     X |
---------
Game not finished
?[1;31m
Start test 15?[0m
Welcome to Tic-Tac-Toe!
Enter the cells: > _XO_OX__X
---------
|   X O |
|   O X |
|     X |
---------
Enter the coordinates > 1 1
---------
| O X O |
|   O X |
|     X |
---------
Game not finished
?[1;31m
Start test 16?[0m
Welcome to Tic-Tac-Toe!
Enter the cells: > _XO_OX__X
---------
|   X O |
|   O X |
|     X |
---------
Enter the coordinates > 2 1
---------
|   X O |
| O O X |
|     X |
---------
Game not finished
?[1;31m
Start test 17?[0m
Welcome to Tic-Tac-Toe!
Enter the cells: > _XO_OX__X
---------
|   X O |
|   O X |
|     X |
---------
Enter the coordinates > 3 1
---------
|   X O |
|   O X |
| O   X |
---------
O wins
Game not finished
?[1;31m
Start test 18?[0m
Welcome to Tic-Tac-Toe!
Enter the cells: > _XO_OX__X
---------
|   X O |
|   O X |
|     X |
---------
Enter the coordinates > 3 2
---------
|   X O |
|   O X |
|   O X |
---------
Game not finished
?[1;31m
Start test 19?[0m
Welcome to Tic-Tac-Toe!
Enter the cells: > XO_OXOX__
---------
| X O   |
| O X O |
| X     |
---------
Enter the coordinates > 1 3
---------
| X O X |
| O X O |
| X     |
---------
X wins
Game not finished
?[1;31m
Start test 20?[0m
Welcome to Tic-Tac-Toe!
Enter the cells: > XO_OXOX__
---------
| X O   |
| O X O |
| X     |
---------
Enter the coordinates > 3 2
---------
| X O   |
| O X O |
| X X   |
---------
Game not finished
?[1;31m
Start test 21?[0m
Welcome to Tic-Tac-Toe!
Enter the cells: > XO_OXOX__
---------
| X O   |
| O X O |
| X     |
---------
Enter the coordinates > 3 3
---------
| X O   |
| O X O |
| X   X |
---------
X wins
Game not finished
]]></system-out>
  <system-err><![CDATA[]]></system-err>
</testsuite>
